===== RUN START =====
Timestamp: 18/05/2026 10:51:25.20
WorkingDir: C:\Users\Nimesh\Documents\Bot Projects\Crypto-Trader-Ver-9-alpha--main

----- pytest -----
Command: python -m pytest tests -v
============================= test session starts =============================
platform win32 -- Python 3.14.4, pytest-9.0.3, pluggy-1.6.0 -- C:\Users\Nimesh\AppData\Local\Python\pythoncore-3.14-64\python.exe
cachedir: .pytest_cache
rootdir: C:\Users\Nimesh\Documents\Bot Projects\Crypto-Trader-Ver-9-alpha--main
plugins: anyio-4.13.0
collecting ... collected 26 items

tests/test_basket_optimizer.py::test_probationary_basket_builds_when_soft_fill_enabled PASSED [  3%]
tests/test_basket_optimizer.py::test_strict_basket_can_reject_small_pool PASSED [  7%]
tests/test_basket_optimizer.py::test_basket_summary_reports_diversity PASSED [ 11%]
tests/test_basket_optimizer.py::test_diversity_score_rewards_multi_symbol_mix PASSED [ 15%]
tests/test_distributed_workers.py::TestDistributedWorker::test_worker_isolates_batch_failures PASSED [ 19%]
tests/test_distributed_workers.py::TestDistributedWorker::test_coordinator_runs_and_builds_portfolio PASSED [ 23%]
tests/test_generation.py::test_generation_plan_builds_rows PASSED        [ 26%]
tests/test_generation.py::test_generate_candidates_respects_custom_family_quota PASSED [ 30%]
tests/test_generation.py::test_generate_candidates_respects_symbol_quota PASSED [ 34%]
tests/test_generation.py::test_generation_quota_report_has_totals PASSED [ 38%]
tests/test_lifecycle.py::test_probationary_requires_quality_thresholds PASSED [ 42%]
tests/test_lifecycle.py::test_deployable_requires_stronger_thresholds PASSED [ 46%]
tests/test_lifecycle.py::test_auto_promote_prefers_diverse_additions PASSED [ 50%]
tests/test_lifecycle.py::test_auto_promote_rejects_weak_candidate PASSED [ 53%]
tests/test_quota_tuner.py::test_infer_regime_detects_mean_reversion_bias PASSED [ 57%]
tests/test_quota_tuner.py::test_family_quota_tuning_boosts_regime_family PASSED [ 61%]
tests/test_quota_tuner.py::test_regime_quota_plan_builds_rows PASSED     [ 65%]
tests/test_quota_tuner.py::test_generation_report_exposes_adaptive_regime PASSED [ 69%]
tests/test_quota_tuner.py::test_generate_candidates_embeds_regime PASSED [ 73%]
tests/test_quota_tuner.py::test_regime_quota_report_has_plan PASSED      [ 76%]
tests/test_registry.py::test_registry_recovers_from_trailing_corruption PASSED [ 80%]
tests/test_registry.py::test_registry_recovers_from_invalid_json PASSED  [ 84%]
tests/test_registry.py::test_registry_atomic_save PASSED                 [ 88%]
tests/test_state_machine.py::test_quarantine_trigger PASSED              [ 92%]
tests/test_state_machine.py::test_recovery_requires_multiple_cycles PASSED [ 96%]
tests/test_state_machine.py::test_state_summary_counts PASSED            [100%]

============================= 26 passed in 1.51s ==============================
[exit_code=0]

----- generation-quota -----
Command: python main.py generation-quota --iterations 5
Traceback (most recent call last):
  File "C:\Users\Nimesh\Documents\Bot Projects\Crypto-Trader-Ver-9-alpha--main\main.py", line 10, in <module>
    from ver9.daemon import run_daemon_forever, run_daemon_once
  File "C:\Users\Nimesh\Documents\Bot Projects\Crypto-Trader-Ver-9-alpha--main\ver9\daemon.py", line 10, in <module>
    from .risk import RiskMonitor
  File "C:\Users\Nimesh\Documents\Bot Projects\Crypto-Trader-Ver-9-alpha--main\ver9\risk.py", line 7, in <module>
    from .state import append_risk_event, load_state, save_state
ImportError: cannot import name 'append_risk_event' from 'ver9.state' (C:\Users\Nimesh\Documents\Bot Projects\Crypto-Trader-Ver-9-alpha--main\ver9\state.py)
[exit_code=1]

----- diversity -----
Command: python main.py diversity
Traceback (most recent call last):
  File "C:\Users\Nimesh\Documents\Bot Projects\Crypto-Trader-Ver-9-alpha--main\main.py", line 10, in <module>
    from ver9.daemon import run_daemon_forever, run_daemon_once
  File "C:\Users\Nimesh\Documents\Bot Projects\Crypto-Trader-Ver-9-alpha--main\ver9\daemon.py", line 10, in <module>
    from .risk import RiskMonitor
  File "C:\Users\Nimesh\Documents\Bot Projects\Crypto-Trader-Ver-9-alpha--main\ver9\risk.py", line 7, in <module>
    from .state import append_risk_event, load_state, save_state
ImportError: cannot import name 'append_risk_event' from 'ver9.state' (C:\Users\Nimesh\Documents\Bot Projects\Crypto-Trader-Ver-9-alpha--main\ver9\state.py)
[exit_code=1]

----- evolve -----
Command: python main.py evolve --iterations 20 --folds 4 --mc-iterations 300 --perturbation-trials 60
Traceback (most recent call last):
  File "C:\Users\Nimesh\Documents\Bot Projects\Crypto-Trader-Ver-9-alpha--main\main.py", line 10, in <module>
    from ver9.daemon import run_daemon_forever, run_daemon_once
  File "C:\Users\Nimesh\Documents\Bot Projects\Crypto-Trader-Ver-9-alpha--main\ver9\daemon.py", line 10, in <module>
    from .risk import RiskMonitor
  File "C:\Users\Nimesh\Documents\Bot Projects\Crypto-Trader-Ver-9-alpha--main\ver9\risk.py", line 7, in <module>
    from .state import append_risk_event, load_state, save_state
ImportError: cannot import name 'append_risk_event' from 'ver9.state' (C:\Users\Nimesh\Documents\Bot Projects\Crypto-Trader-Ver-9-alpha--main\ver9\state.py)
[exit_code=1]

----- basket -----
Command: python main.py basket --status deployable
Traceback (most recent call last):
  File "C:\Users\Nimesh\Documents\Bot Projects\Crypto-Trader-Ver-9-alpha--main\main.py", line 10, in <module>
    from ver9.daemon import run_daemon_forever, run_daemon_once
  File "C:\Users\Nimesh\Documents\Bot Projects\Crypto-Trader-Ver-9-alpha--main\ver9\daemon.py", line 10, in <module>
    from .risk import RiskMonitor
  File "C:\Users\Nimesh\Documents\Bot Projects\Crypto-Trader-Ver-9-alpha--main\ver9\risk.py", line 7, in <module>
    from .state import append_risk_event, load_state, save_state
ImportError: cannot import name 'append_risk_event' from 'ver9.state' (C:\Users\Nimesh\Documents\Bot Projects\Crypto-Trader-Ver-9-alpha--main\ver9\state.py)
[exit_code=1]

----- portfolio-probationary -----
Command: python main.py portfolio-probationary
Traceback (most recent call last):
  File "C:\Users\Nimesh\Documents\Bot Projects\Crypto-Trader-Ver-9-alpha--main\main.py", line 10, in <module>
    from ver9.daemon import run_daemon_forever, run_daemon_once
  File "C:\Users\Nimesh\Documents\Bot Projects\Crypto-Trader-Ver-9-alpha--main\ver9\daemon.py", line 10, in <module>
    from .risk import RiskMonitor
  File "C:\Users\Nimesh\Documents\Bot Projects\Crypto-Trader-Ver-9-alpha--main\ver9\risk.py", line 7, in <module>
    from .state import append_risk_event, load_state, save_state
ImportError: cannot import name 'append_risk_event' from 'ver9.state' (C:\Users\Nimesh\Documents\Bot Projects\Crypto-Trader-Ver-9-alpha--main\ver9\state.py)
[exit_code=1]

----- distributed-evolve -----
Command: python main.py distributed-evolve --iterations 20 --worker-count 4 --batch-size 6
Traceback (most recent call last):
  File "C:\Users\Nimesh\Documents\Bot Projects\Crypto-Trader-Ver-9-alpha--main\main.py", line 10, in <module>
    from ver9.daemon import run_daemon_forever, run_daemon_once
  File "C:\Users\Nimesh\Documents\Bot Projects\Crypto-Trader-Ver-9-alpha--main\ver9\daemon.py", line 10, in <module>
    from .risk import RiskMonitor
  File "C:\Users\Nimesh\Documents\Bot Projects\Crypto-Trader-Ver-9-alpha--main\ver9\risk.py", line 7, in <module>
    from .state import append_risk_event, load_state, save_state
ImportError: cannot import name 'append_risk_event' from 'ver9.state' (C:\Users\Nimesh\Documents\Bot Projects\Crypto-Trader-Ver-9-alpha--main\ver9\state.py)
[exit_code=1]

----- protectons -----
Command: python main.py protections
Traceback (most recent call last):
  File "C:\Users\Nimesh\Documents\Bot Projects\Crypto-Trader-Ver-9-alpha--main\main.py", line 10, in <module>
    from ver9.daemon import run_daemon_forever, run_daemon_once
  File "C:\Users\Nimesh\Documents\Bot Projects\Crypto-Trader-Ver-9-alpha--main\ver9\daemon.py", line 10, in <module>
    from .risk import RiskMonitor
  File "C:\Users\Nimesh\Documents\Bot Projects\Crypto-Trader-Ver-9-alpha--main\ver9\risk.py", line 7, in <module>
    from .state import append_risk_event, load_state, save_state
ImportError: cannot import name 'append_risk_event' from 'ver9.state' (C:\Users\Nimesh\Documents\Bot Projects\Crypto-Trader-Ver-9-alpha--main\ver9\state.py)
[exit_code=1]

----- registry-summary -----
Command: python main.py registry-summary
Traceback (most recent call last):
  File "C:\Users\Nimesh\Documents\Bot Projects\Crypto-Trader-Ver-9-alpha--main\main.py", line 10, in <module>
    from ver9.daemon import run_daemon_forever, run_daemon_once
  File "C:\Users\Nimesh\Documents\Bot Projects\Crypto-Trader-Ver-9-alpha--main\ver9\daemon.py", line 10, in <module>
    from .risk import RiskMonitor
  File "C:\Users\Nimesh\Documents\Bot Projects\Crypto-Trader-Ver-9-alpha--main\ver9\risk.py", line 7, in <module>
    from .state import append_risk_event, load_state, save_state
ImportError: cannot import name 'append_risk_event' from 'ver9.state' (C:\Users\Nimesh\Documents\Bot Projects\Crypto-Trader-Ver-9-alpha--main\ver9\state.py)
[exit_code=1]

----- state -----
Command: python main.py state
Traceback (most recent call last):
  File "C:\Users\Nimesh\Documents\Bot Projects\Crypto-Trader-Ver-9-alpha--main\main.py", line 10, in <module>
    from ver9.daemon import run_daemon_forever, run_daemon_once
  File "C:\Users\Nimesh\Documents\Bot Projects\Crypto-Trader-Ver-9-alpha--main\ver9\daemon.py", line 10, in <module>
    from .risk import RiskMonitor
  File "C:\Users\Nimesh\Documents\Bot Projects\Crypto-Trader-Ver-9-alpha--main\ver9\risk.py", line 7, in <module>
    from .state import append_risk_event, load_state, save_state
ImportError: cannot import name 'append_risk_event' from 'ver9.state' (C:\Users\Nimesh\Documents\Bot Projects\Crypto-Trader-Ver-9-alpha--main\ver9\state.py)
[exit_code=1]


===== RUN END =====
overall_status=1
